  Preprocessing: Kernels.cl
  Using build options:  -I "D:\Keshav\UOWD\Semester 7\Assignments\Assignment2\Exponentiation"
  Setting target instruction set architecture to: Default (Intel(R) Advanced Vector Extensions 2 (Intel(R) AVX2))
  Platform name: Intel(R) OpenCL
  Device name: Intel(R) Core(TM) i7-9750H CPU @ 2.60GHz
  Device version: OpenCL 2.1 (Build 0)
  Device vendor: Intel(R) Corporation
  Device profile: FULL_PROFILE
  Compilation started
  Compilation done
  Linking started
  Linking done
  Device build started
  Device build done
  Kernel <exponentiateArray> was successfully vectorized (8)
  Done.
  exponentiateArray info:
  	Maximum work-group size: 8192
  	Compiler work-group size: (0, 0, 0)
  	Local memory size: 0
  	Preferred multiple of work-group size: 128
  	Minimum amount of private memory: 0
  
  Build succeeded!
  
  Source.c
  cl_version.h: CL_TARGET_OPENCL_VERSION is not defined. Defaulting to 220 (OpenCL 2.2)
D:\Keshav\UOWD\Semester 7\Assignments\Assignment2\Exponentiation\Source.c(83,9): warning C4996: 'scanf': This function or variable may be unsafe. Consider using scanf_s instead. To disable deprecation, use _CRT_SECURE_NO_WARNINGS. See online help for details.
D:\Keshav\UOWD\Semester 7\Assignments\Assignment2\Exponentiation\Source.c(232,20): warning C4996: 'clCreateCommandQueue': was declared deprecated
D:\Keshav\UOWD\Semester 7\Assignments\Assignment2\Exponentiation\Source.c(253,20): warning C4996: 'clCreateCommandQueue': was declared deprecated
D:\Keshav\UOWD\Semester 7\Assignments\Assignment2\Exponentiation\Source.c(360,1): warning C4244: 'initializing': conversion from 'double' to 'size_t', possible loss of data
D:\Keshav\UOWD\Semester 7\Assignments\Assignment2\Exponentiation\Source.c(363,1): warning C4244: 'initializing': conversion from 'double' to 'size_t', possible loss of data
D:\Keshav\UOWD\Semester 7\Assignments\Assignment2\Exponentiation\Source.c(468,24): warning C4996: 'clCreateCommandQueue': was declared deprecated
D:\Keshav\UOWD\Semester 7\Assignments\Assignment2\Exponentiation\Source.c(481,24): warning C4996: 'clCreateCommandQueue': was declared deprecated
D:\Keshav\UOWD\Semester 7\Assignments\Assignment2\Exponentiation\Source.c(529,1): warning C4244: 'initializing': conversion from 'double' to 'size_t', possible loss of data
D:\Keshav\UOWD\Semester 7\Assignments\Assignment2\Exponentiation\Source.c(607,23): warning C4996: 'scanf': This function or variable may be unsafe. Consider using scanf_s instead. To disable deprecation, use _CRT_SECURE_NO_WARNINGS. See online help for details.
D:\Keshav\UOWD\Semester 7\Assignments\Assignment2\Exponentiation\Source.c(616,23): warning C4996: 'scanf': This function or variable may be unsafe. Consider using scanf_s instead. To disable deprecation, use _CRT_SECURE_NO_WARNINGS. See online help for details.
D:\Keshav\UOWD\Semester 7\Assignments\Assignment2\Exponentiation\Source.c(835,19): warning C4996: 'fopen': This function or variable may be unsafe. Consider using fopen_s instead. To disable deprecation, use _CRT_SECURE_NO_WARNINGS. See online help for details.
  Exponentiation.vcxproj -> D:\Keshav\UOWD\Semester 7\Assignments\Assignment2\Exponentiation\Debug\Exponentiation.exe
  Kernels.cl
          1 file(s) copied.
